Arguments: 
  /home/lian/.nvm/versions/node/v10.20.0/bin/node /usr/share/yarn/bin/yarn.js add index.js node_modules package.json yarn.lock

PATH: 
  /home/lian/.local/bin:/home/lian/.nvm/versions/node/v10.20.0/bin:/home/lian/.local/bin:/usr/local/sbin:/usr/local/bin:/usr/sbin:/usr/bin:/sbin:/bin:/usr/games:/usr/local/games:/snap/bin

Yarn version: 
  1.22.4

Node version: 
  10.20.0

Platform: 
  linux x64

Trace: 
  Error: https://registry.yarnpkg.com/node_modules: Not found
      at Request.params.callback [as _callback] (/usr/share/yarn/lib/cli.js:66987:18)
      at Request.self.callback (/usr/share/yarn/lib/cli.js:140748:22)
      at Request.emit (events.js:198:13)
      at Request.<anonymous> (/usr/share/yarn/lib/cli.js:141720:10)
      at Request.emit (events.js:198:13)
      at IncomingMessage.<anonymous> (/usr/share/yarn/lib/cli.js:141642:12)
      at Object.onceWrapper (events.js:286:20)
      at IncomingMessage.emit (events.js:203:15)
      at endReadableNT (_stream_readable.js:1145:12)
      at process._tickCallback (internal/process/next_tick.js:63:19)

npm manifest: 
  {
    "name": "lab1",
    "version": "1.0.0",
    "description": "lab1 homework",
    "main": "index.js",
    "author": "tql247",
    "license": "MIT",
    "private": true,
    "scripts": {
      "dev": "electronmon .",
      "start": "electron ."
    },
    "dependencies": {
      "Router": "^2.1.0",
      "electron": "^10.0.0",
      "electronmon": "^1.1.2",
      "fs": "^0.0.1-security",
      "nodemon": "^2.0.4",
      "path": "^0.12.7"
    }
  }

yarn manifest: 
  No manifest

Lockfile: 
  # THIS IS AN AUTOGENERATED FILE. DO NOT EDIT THIS FILE DIRECTLY.
  # yarn lockfile v1
